2025-04-10 23:57:48,569 [DEBUG] STREAM b'IHDR' 16 13
2025-04-10 23:57:48,569 [DEBUG] STREAM b'pHYs' 41 9
2025-04-10 23:57:48,569 [DEBUG] STREAM b'IDAT' 62 12085
2025-04-10 23:57:48,574 [DEBUG] STREAM b'IHDR' 16 13
2025-04-10 23:57:48,574 [DEBUG] STREAM b'gAMA' 41 4
2025-04-10 23:57:48,574 [DEBUG] STREAM b'cHRM' 57 32
2025-04-10 23:57:48,574 [DEBUG] STREAM b'tIME' 101 7
2025-04-10 23:57:48,574 [DEBUG] b'tIME' 101 7 (unknown)
2025-04-10 23:57:48,574 [DEBUG] STREAM b'bKGD' 120 6
2025-04-10 23:57:48,574 [DEBUG] b'bKGD' 120 6 (unknown)
2025-04-10 23:57:48,574 [DEBUG] STREAM b'IDAT' 138 7674
2025-04-10 23:57:48,575 [DEBUG] STREAM b'tEXt' 7824 37
2025-04-10 23:57:48,575 [DEBUG] STREAM b'tEXt' 7873 37
2025-04-10 23:57:48,575 [DEBUG] STREAM b'IHDR' 16 13
2025-04-10 23:57:48,578 [DEBUG] STREAM b'gAMA' 41 4
2025-04-10 23:57:48,578 [DEBUG] STREAM b'cHRM' 57 32
2025-04-10 23:57:48,578 [DEBUG] STREAM b'tIME' 101 7
2025-04-10 23:57:48,578 [DEBUG] b'tIME' 101 7 (unknown)
2025-04-10 23:57:48,578 [DEBUG] STREAM b'bKGD' 120 6
2025-04-10 23:57:48,578 [DEBUG] b'bKGD' 120 6 (unknown)
2025-04-10 23:57:48,578 [DEBUG] STREAM b'IDAT' 138 8759
2025-04-10 23:57:48,579 [DEBUG] STREAM b'tEXt' 8909 37
2025-04-10 23:57:48,579 [DEBUG] STREAM b'tEXt' 8958 37
2025-04-10 23:57:48,579 [DEBUG] STREAM b'IHDR' 16 13
2025-04-10 23:57:48,579 [DEBUG] STREAM b'gAMA' 41 4
2025-04-10 23:57:48,579 [DEBUG] STREAM b'cHRM' 57 32
2025-04-10 23:57:48,579 [DEBUG] STREAM b'tIME' 101 7
2025-04-10 23:57:48,579 [DEBUG] b'tIME' 101 7 (unknown)
2025-04-10 23:57:48,579 [DEBUG] STREAM b'bKGD' 120 6
2025-04-10 23:57:48,579 [DEBUG] b'bKGD' 120 6 (unknown)
2025-04-10 23:57:48,579 [DEBUG] STREAM b'IDAT' 138 51428
2025-04-10 23:57:48,580 [DEBUG] STREAM b'tEXt' 51578 37
2025-04-10 23:57:48,580 [DEBUG] STREAM b'tEXt' 51627 37
2025-04-10 23:57:48,580 [DEBUG] STREAM b'IHDR' 16 13
2025-04-10 23:57:48,580 [DEBUG] STREAM b'pHYs' 41 9
2025-04-10 23:57:48,580 [DEBUG] STREAM b'IDAT' 62 2526
2025-04-10 23:57:48,585 [DEBUG] STREAM b'IHDR' 16 13
2025-04-10 23:57:48,585 [DEBUG] STREAM b'gAMA' 41 4
2025-04-10 23:57:48,585 [DEBUG] STREAM b'cHRM' 57 32
2025-04-10 23:57:48,585 [DEBUG] STREAM b'tIME' 101 7
2025-04-10 23:57:48,585 [DEBUG] b'tIME' 101 7 (unknown)
2025-04-10 23:57:48,585 [DEBUG] STREAM b'bKGD' 120 6
2025-04-10 23:57:48,585 [DEBUG] b'bKGD' 120 6 (unknown)
2025-04-10 23:57:48,585 [DEBUG] STREAM b'IDAT' 138 8453
2025-04-10 23:57:48,585 [DEBUG] STREAM b'tEXt' 8603 37
2025-04-10 23:57:48,585 [DEBUG] STREAM b'tEXt' 8652 37
2025-04-10 23:57:48,586 [DEBUG] STREAM b'IHDR' 16 13
2025-04-10 23:57:48,586 [DEBUG] STREAM b'gAMA' 41 4
2025-04-10 23:57:48,586 [DEBUG] STREAM b'cHRM' 57 32
2025-04-10 23:57:48,586 [DEBUG] STREAM b'tIME' 101 7
2025-04-10 23:57:48,586 [DEBUG] b'tIME' 101 7 (unknown)
2025-04-10 23:57:48,586 [DEBUG] STREAM b'bKGD' 120 6
2025-04-10 23:57:48,586 [DEBUG] b'bKGD' 120 6 (unknown)
2025-04-10 23:57:48,586 [DEBUG] STREAM b'IDAT' 138 6350
2025-04-10 23:57:48,586 [DEBUG] STREAM b'tEXt' 6500 37
2025-04-10 23:57:48,586 [DEBUG] STREAM b'tEXt' 6549 37
2025-04-10 23:57:48,586 [DEBUG] STREAM b'IHDR' 16 13
2025-04-10 23:57:48,586 [DEBUG] STREAM b'gAMA' 41 4
2025-04-10 23:57:48,586 [DEBUG] STREAM b'cHRM' 57 32
2025-04-10 23:57:48,587 [DEBUG] STREAM b'tIME' 101 7
2025-04-10 23:57:48,587 [DEBUG] b'tIME' 101 7 (unknown)
2025-04-10 23:57:48,587 [DEBUG] STREAM b'bKGD' 120 6
2025-04-10 23:57:48,587 [DEBUG] b'bKGD' 120 6 (unknown)
2025-04-10 23:57:48,587 [DEBUG] STREAM b'IDAT' 138 13706
2025-04-10 23:57:48,587 [DEBUG] STREAM b'tEXt' 13856 37
2025-04-10 23:57:48,587 [DEBUG] STREAM b'tEXt' 13905 37
2025-04-10 23:57:48,588 [DEBUG] STREAM b'IHDR' 16 13
2025-04-10 23:57:48,588 [DEBUG] STREAM b'gAMA' 41 4
2025-04-10 23:57:48,588 [DEBUG] STREAM b'cHRM' 57 32
2025-04-10 23:57:48,588 [DEBUG] STREAM b'tIME' 101 7
2025-04-10 23:57:48,588 [DEBUG] b'tIME' 101 7 (unknown)
2025-04-10 23:57:48,588 [DEBUG] STREAM b'bKGD' 120 6
2025-04-10 23:57:48,588 [DEBUG] b'bKGD' 120 6 (unknown)
2025-04-10 23:57:48,588 [DEBUG] STREAM b'IDAT' 138 8453
2025-04-10 23:57:48,588 [DEBUG] STREAM b'tEXt' 8603 37
2025-04-10 23:57:48,588 [DEBUG] STREAM b'tEXt' 8652 37
2025-04-10 23:57:54,940 [DEBUG] STREAM b'IHDR' 16 13
2025-04-10 23:57:54,941 [DEBUG] STREAM b'pHYs' 41 9
2025-04-10 23:57:54,941 [DEBUG] STREAM b'IDAT' 62 12085
2025-04-10 23:57:54,945 [DEBUG] STREAM b'IHDR' 16 13
2025-04-10 23:57:54,945 [DEBUG] STREAM b'gAMA' 41 4
2025-04-10 23:57:54,945 [DEBUG] STREAM b'cHRM' 57 32
2025-04-10 23:57:54,945 [DEBUG] STREAM b'tIME' 101 7
2025-04-10 23:57:54,945 [DEBUG] b'tIME' 101 7 (unknown)
2025-04-10 23:57:54,946 [DEBUG] STREAM b'bKGD' 120 6
2025-04-10 23:57:54,946 [DEBUG] b'bKGD' 120 6 (unknown)
2025-04-10 23:57:54,946 [DEBUG] STREAM b'IDAT' 138 7674
2025-04-10 23:57:54,946 [DEBUG] STREAM b'tEXt' 7824 37
2025-04-10 23:57:54,946 [DEBUG] STREAM b'tEXt' 7873 37
2025-04-10 23:57:54,946 [DEBUG] STREAM b'IHDR' 16 13
2025-04-10 23:57:54,946 [DEBUG] STREAM b'gAMA' 41 4
2025-04-10 23:57:54,946 [DEBUG] STREAM b'cHRM' 57 32
2025-04-10 23:57:54,946 [DEBUG] STREAM b'tIME' 101 7
2025-04-10 23:57:54,946 [DEBUG] b'tIME' 101 7 (unknown)
2025-04-10 23:57:54,946 [DEBUG] STREAM b'bKGD' 120 6
2025-04-10 23:57:54,946 [DEBUG] b'bKGD' 120 6 (unknown)
2025-04-10 23:57:54,946 [DEBUG] STREAM b'IDAT' 138 8759
2025-04-10 23:57:54,947 [DEBUG] STREAM b'tEXt' 8909 37
2025-04-10 23:57:54,947 [DEBUG] STREAM b'tEXt' 8958 37
2025-04-10 23:57:54,947 [DEBUG] STREAM b'IHDR' 16 13
2025-04-10 23:57:54,947 [DEBUG] STREAM b'gAMA' 41 4
2025-04-10 23:57:54,947 [DEBUG] STREAM b'cHRM' 57 32
2025-04-10 23:57:54,947 [DEBUG] STREAM b'tIME' 101 7
2025-04-10 23:57:54,947 [DEBUG] b'tIME' 101 7 (unknown)
2025-04-10 23:57:54,947 [DEBUG] STREAM b'bKGD' 120 6
2025-04-10 23:57:54,947 [DEBUG] b'bKGD' 120 6 (unknown)
2025-04-10 23:57:54,947 [DEBUG] STREAM b'IDAT' 138 51428
2025-04-10 23:57:54,948 [DEBUG] STREAM b'tEXt' 51578 37
2025-04-10 23:57:54,948 [DEBUG] STREAM b'tEXt' 51627 37
2025-04-10 23:57:54,948 [DEBUG] STREAM b'IHDR' 16 13
2025-04-10 23:57:54,948 [DEBUG] STREAM b'pHYs' 41 9
2025-04-10 23:57:54,948 [DEBUG] STREAM b'IDAT' 62 2526
2025-04-10 23:57:54,952 [DEBUG] STREAM b'IHDR' 16 13
2025-04-10 23:57:54,952 [DEBUG] STREAM b'gAMA' 41 4
2025-04-10 23:57:54,952 [DEBUG] STREAM b'cHRM' 57 32
2025-04-10 23:57:54,953 [DEBUG] STREAM b'tIME' 101 7
2025-04-10 23:57:54,953 [DEBUG] b'tIME' 101 7 (unknown)
2025-04-10 23:57:54,953 [DEBUG] STREAM b'bKGD' 120 6
2025-04-10 23:57:54,953 [DEBUG] b'bKGD' 120 6 (unknown)
2025-04-10 23:57:54,953 [DEBUG] STREAM b'IDAT' 138 8453
2025-04-10 23:57:54,953 [DEBUG] STREAM b'tEXt' 8603 37
2025-04-10 23:57:54,953 [DEBUG] STREAM b'tEXt' 8652 37
2025-04-10 23:57:54,953 [DEBUG] STREAM b'IHDR' 16 13
2025-04-10 23:57:54,953 [DEBUG] STREAM b'gAMA' 41 4
2025-04-10 23:57:54,953 [DEBUG] STREAM b'cHRM' 57 32
2025-04-10 23:57:54,953 [DEBUG] STREAM b'tIME' 101 7
2025-04-10 23:57:54,953 [DEBUG] b'tIME' 101 7 (unknown)
2025-04-10 23:57:54,953 [DEBUG] STREAM b'bKGD' 120 6
2025-04-10 23:57:54,953 [DEBUG] b'bKGD' 120 6 (unknown)
2025-04-10 23:57:54,953 [DEBUG] STREAM b'IDAT' 138 6350
2025-04-10 23:57:54,954 [DEBUG] STREAM b'tEXt' 6500 37
2025-04-10 23:57:54,954 [DEBUG] STREAM b'tEXt' 6549 37
2025-04-10 23:57:54,954 [DEBUG] STREAM b'IHDR' 16 13
2025-04-10 23:57:54,954 [DEBUG] STREAM b'gAMA' 41 4
2025-04-10 23:57:54,954 [DEBUG] STREAM b'cHRM' 57 32
2025-04-10 23:57:54,954 [DEBUG] STREAM b'tIME' 101 7
2025-04-10 23:57:54,954 [DEBUG] b'tIME' 101 7 (unknown)
2025-04-10 23:57:54,954 [DEBUG] STREAM b'bKGD' 120 6
2025-04-10 23:57:54,954 [DEBUG] b'bKGD' 120 6 (unknown)
2025-04-10 23:57:54,954 [DEBUG] STREAM b'IDAT' 138 13706
2025-04-10 23:57:54,955 [DEBUG] STREAM b'tEXt' 13856 37
2025-04-10 23:57:54,955 [DEBUG] STREAM b'tEXt' 13905 37
2025-04-10 23:57:54,955 [DEBUG] STREAM b'IHDR' 16 13
2025-04-10 23:57:54,955 [DEBUG] STREAM b'gAMA' 41 4
2025-04-10 23:57:54,955 [DEBUG] STREAM b'cHRM' 57 32
2025-04-10 23:57:54,955 [DEBUG] STREAM b'tIME' 101 7
2025-04-10 23:57:54,955 [DEBUG] b'tIME' 101 7 (unknown)
2025-04-10 23:57:54,955 [DEBUG] STREAM b'bKGD' 120 6
2025-04-10 23:57:54,955 [DEBUG] b'bKGD' 120 6 (unknown)
2025-04-10 23:57:54,955 [DEBUG] STREAM b'IDAT' 138 8453
2025-04-10 23:57:54,955 [DEBUG] STREAM b'tEXt' 8603 37
2025-04-10 23:57:54,955 [DEBUG] STREAM b'tEXt' 8652 37
